<?xml version="1.0" encoding="UTF-8"?>
<!-- Generated by org.testng.reporters.JUnitReportReporter -->
<testsuite hostname="BlackPearl" failures="0" tests="2" name="TestNGBasic.TestBasic" time="0.013" errors="0" timestamp="2022-10-17T12:11:42 IST" skipped="0">
  <testcase classname="TestNGBasic.TestBasic" name="TC1" time="0.011"/>
  <system-out>
    <![CDATA[Hello]]>
  </system-out>
  <testcase classname="TestNGBasic.TestBasic" name="TC2" time="0.002"/>
  <system-out>
    <![CDATA[hii]]>
  </system-out>
</testsuite> <!-- TestNGBasic.TestBasic -->
